# JRE version: OpenJDK Runtime Environment Temurin-17.0.9+9 (17.0.9+9) (build 17.0.9+9)
# Java VM: OpenJDK 64-Bit Server VM Temurin-17.0.9+9 (17.0.9+9, mixed mode, tiered, compressed oops, compressed class ptrs, parallel gc, linux-amd64)
GC Precious Log:
 CPUs: 16 total, 12 available
 Memory: 15327M
 Large Page Support: Disabled
 NUMA Support: Disabled
 Compressed Oops: Enabled (32-bit)
 Alignments: Space 512K, Generation 512K, Heap 2M
 Heap Min Capacity: 100M
 Heap Initial Capacity: 100M
 Heap Max Capacity: 1G
 Pre-touch: Disabled
 Parallel Workers: 10
Heap:
 PSYoungGen      total 4096K, used 1509K [0x00000000eab00000, 0x00000000eb680000, 0x0000000100000000)
  eden space 2560K, 0% used [0x00000000eab00000,0x00000000eab00000,0x00000000ead80000)
  from space 1536K, 98% used [0x00000000eaf00000,0x00000000eb0796d0,0x00000000eb080000)
  to   space 4608K, 0% used [0x00000000eb200000,0x00000000eb200000,0x00000000eb680000)
 ParOldGen       total 54784K, used 53598K [0x00000000c0000000, 0x00000000c3580000, 0x00000000eab00000)
  object space 54784K, 97% used [0x00000000c0000000,0x00000000c3457a70,0x00000000c3580000)
 Metaspace       used 84700K, committed 85696K, reserved 1179648K
  class space    used 8581K, committed 8960K, reserved 1048576K
GC Heap History (20 events):
Event: 4033.153 GC heap after
{Heap after GC invocations=1465 (full 45):
 PSYoungGen      total 5120K, used 503K [0x00000000eab00000, 0x00000000ebd00000, 0x0000000100000000)
  eden space 4608K, 0% used [0x00000000eab00000,0x00000000eab00000,0x00000000eaf80000)
  from space 512K, 98% used [0x00000000eb500000,0x00000000eb57df68,0x00000000eb580000)
  to   space 5632K, 0% used [0x00000000eaf80000,0x00000000eaf80000,0x00000000eb500000)
 ParOldGen       total 54784K, used 45728K [0x00000000c0000000, 0x00000000c3580000, 0x00000000eab00000)
  object space 54784K, 83% used [0x00000000c0000000,0x00000000c2ca8260,0x00000000c3580000)
 Metaspace       used 84697K, committed 85696K, reserved 1179648K
  class space    used 8581K, committed 8960K, reserved 1048576K
}
Event: 4033.167 GC heap before
{Heap before GC invocations=1466 (full 45):
 PSYoungGen      total 5120K, used 5111K [0x00000000eab00000, 0x00000000ebd00000, 0x0000000100000000)
  eden space 4608K, 100% used [0x00000000eab00000,0x00000000eaf80000,0x00000000eaf80000)
  from space 512K, 98% used [0x00000000eb500000,0x00000000eb57df68,0x00000000eb580000)
  to   space 5632K, 0% used [0x00000000eaf80000,0x00000000eaf80000,0x00000000eb500000)
 ParOldGen       total 54784K, used 45728K [0x00000000c0000000, 0x00000000c3580000, 0x00000000eab00000)
  object space 54784K, 83% used [0x00000000c0000000,0x00000000c2ca8260,0x00000000c3580000)
 Metaspace       used 84697K, committed 85696K, reserved 1179648K
  class space    used 8581K, committed 8960K, reserved 1048576K
}
Event: 4033.168 GC heap after
{Heap after GC invocations=1466 (full 45):
 PSYoungGen      total 7680K, used 2959K [0x00000000eab00000, 0x00000000eb780000, 0x0000000100000000)
  eden space 4608K, 0% used [0x00000000eab00000,0x00000000eab00000,0x00000000eaf80000)
  from space 3072K, 96% used [0x00000000eaf80000,0x00000000eb263da0,0x00000000eb280000)
  to   space 4096K, 0% used [0x00000000eb380000,0x00000000eb380000,0x00000000eb780000)
 ParOldGen       total 54784K, used 46056K [0x00000000c0000000, 0x00000000c3580000, 0x00000000eab00000)
  object space 54784K, 84% used [0x00000000c0000000,0x00000000c2cfa260,0x00000000c3580000)
 Metaspace       used 84697K, committed 85696K, reserved 1179648K
  class space    used 8581K, committed 8960K, reserved 1048576K
}
Event: 4033.251 GC heap before
{Heap before GC invocations=1467 (full 45):
 PSYoungGen      total 7680K, used 7567K [0x00000000eab00000, 0x00000000eb780000, 0x0000000100000000)
  eden space 4608K, 100% used [0x00000000eab00000,0x00000000eaf80000,0x00000000eaf80000)
  from space 3072K, 96% used [0x00000000eaf80000,0x00000000eb263da0,0x00000000eb280000)
  to   space 4096K, 0% used [0x00000000eb380000,0x00000000eb380000,0x00000000eb780000)
 ParOldGen       total 54784K, used 46056K [0x00000000c0000000, 0x00000000c3580000, 0x00000000eab00000)
  object space 54784K, 84% used [0x00000000c0000000,0x00000000c2cfa260,0x00000000c3580000)
 Metaspace       used 84697K, committed 85696K, reserved 1179648K
  class space    used 8581K, committed 8960K, reserved 1048576K
}
Event: 4033.253 GC heap after
{Heap after GC invocations=1467 (full 45):
 PSYoungGen      total 6656K, used 4095K [0x00000000eab00000, 0x00000000ebb80000, 0x0000000100000000)
  eden space 2560K, 0% used [0x00000000eab00000,0x00000000eab00000,0x00000000ead80000)
  from space 4096K, 99% used [0x00000000eb380000,0x00000000eb77fda0,0x00000000eb780000)
  to   space 6144K, 0% used [0x00000000ead80000,0x00000000ead80000,0x00000000eb380000)
 ParOldGen       total 54784K, used 47576K [0x00000000c0000000, 0x00000000c3580000, 0x00000000eab00000)
  object space 54784K, 86% used [0x00000000c0000000,0x00000000c2e76260,0x00000000c3580000)
 Metaspace       used 84697K, committed 85696K, reserved 1179648K
  class space    used 8581K, committed 8960K, reserved 1048576K
}
Event: 4033.706 GC heap before
{Heap before GC invocations=1468 (full 45):
 PSYoungGen      total 6656K, used 6655K [0x00000000eab00000, 0x00000000ebb80000, 0x0000000100000000)
  eden space 2560K, 99% used [0x00000000eab00000,0x00000000ead7ffb8,0x00000000ead80000)
  from space 4096K, 99% used [0x00000000eb380000,0x00000000eb77fda0,0x00000000eb780000)
  to   space 6144K, 0% used [0x00000000ead80000,0x00000000ead80000,0x00000000eb380000)
 ParOldGen       total 54784K, used 47576K [0x00000000c0000000, 0x00000000c3580000, 0x00000000eab00000)
  object space 54784K, 86% used [0x00000000c0000000,0x00000000c2e76260,0x00000000c3580000)
 Metaspace       used 84697K, committed 85696K, reserved 1179648K
  class space    used 8581K, committed 8960K, reserved 1048576K
}
Event: 4033.707 GC heap after
{Heap after GC invocations=1468 (full 45):
 PSYoungGen      total 3072K, used 416K [0x00000000eab00000, 0x00000000eb400000, 0x0000000100000000)
  eden space 2560K, 0% used [0x00000000eab00000,0x00000000eab00000,0x00000000ead80000)
  from space 512K, 81% used [0x00000000ead80000,0x00000000eade8020,0x00000000eae00000)
  to   space 2560K, 0% used [0x00000000eb180000,0x00000000eb180000,0x00000000eb400000)
 ParOldGen       total 54784K, used 48856K [0x00000000c0000000, 0x00000000c3580000, 0x00000000eab00000)
  object space 54784K, 89% used [0x00000000c0000000,0x00000000c2fb6260,0x00000000c3580000)
 Metaspace       used 84697K, committed 85696K, reserved 1179648K
  class space    used 8581K, committed 8960K, reserved 1048576K
}
Event: 4033.918 GC heap before
{Heap before GC invocations=1469 (full 45):
 PSYoungGen      total 3072K, used 2975K [0x00000000eab00000, 0x00000000eb400000, 0x0000000100000000)
  eden space 2560K, 99% used [0x00000000eab00000,0x00000000ead7ffc8,0x00000000ead80000)
  from space 512K, 81% used [0x00000000ead80000,0x00000000eade8020,0x00000000eae00000)
  to   space 2560K, 0% used [0x00000000eb180000,0x00000000eb180000,0x00000000eb400000)
 ParOldGen       total 54784K, used 48856K [0x00000000c0000000, 0x00000000c3580000, 0x00000000eab00000)
  object space 54784K, 89% used [0x00000000c0000000,0x00000000c2fb6260,0x00000000c3580000)
 Metaspace       used 84697K, committed 85696K, reserved 1179648K
  class space    used 8581K, committed 8960K, reserved 1048576K
}
Event: 4033.919 GC heap after
{Heap after GC invocations=1469 (full 45):
 PSYoungGen      total 3584K, used 688K [0x00000000eab00000, 0x00000000eb280000, 0x0000000100000000)
  eden space 2560K, 0% used [0x00000000eab00000,0x00000000eab00000,0x00000000ead80000)
  from space 1024K, 67% used [0x00000000eb180000,0x00000000eb22c030,0x00000000eb280000)
  to   space 1024K, 0% used [0x00000000eb080000,0x00000000eb080000,0x00000000eb180000)
 ParOldGen       total 54784K, used 48856K [0x00000000c0000000, 0x00000000c3580000, 0x00000000eab00000)
  object space 54784K, 89% used [0x00000000c0000000,0x00000000c2fb6260,0x00000000c3580000)
 Metaspace       used 84697K, committed 85696K, reserved 1179648K
  class space    used 8581K, committed 8960K, reserved 1048576K
}
Event: 4034.579 GC heap before
{Heap before GC invocations=1470 (full 45):
 PSYoungGen      total 3584K, used 3248K [0x00000000eab00000, 0x00000000eb280000, 0x0000000100000000)
  eden space 2560K, 100% used [0x00000000eab00000,0x00000000ead80000,0x00000000ead80000)
  from space 1024K, 67% used [0x00000000eb180000,0x00000000eb22c030,0x00000000eb280000)
  to   space 1024K, 0% used [0x00000000eb080000,0x00000000eb080000,0x00000000eb180000)
 ParOldGen       total 54784K, used 48856K [0x00000000c0000000, 0x00000000c3580000, 0x00000000eab00000)
  object space 54784K, 89% used [0x00000000c0000000,0x00000000c2fb6260,0x00000000c3580000)
 Metaspace       used 84699K, committed 85696K, reserved 1179648K
  class space    used 8581K, committed 8960K, reserved 1048576K
}
Event: 4034.580 GC heap after
{Heap after GC invocations=1470 (full 45):
 PSYoungGen      total 3584K, used 544K [0x00000000eab00000, 0x00000000eb200000, 0x0000000100000000)
  eden space 2560K, 0% used [0x00000000eab00000,0x00000000eab00000,0x00000000ead80000)
  from space 1024K, 53% used [0x00000000eb080000,0x00000000eb108020,0x00000000eb180000)
  to   space 512K, 0% used [0x00000000eb180000,0x00000000eb180000,0x00000000eb200000)
 ParOldGen       total 54784K, used 48856K [0x00000000c0000000, 0x00000000c3580000, 0x00000000eab00000)
  object space 54784K, 89% used [0x00000000c0000000,0x00000000c2fb6260,0x00000000c3580000)
 Metaspace       used 84699K, committed 85696K, reserved 1179648K
  class space    used 8581K, committed 8960K, reserved 1048576K
}
Event: 4034.586 GC heap before
{Heap before GC invocations=1471 (full 45):
 PSYoungGen      total 3584K, used 3064K [0x00000000eab00000, 0x00000000eb200000, 0x0000000100000000)
  eden space 2560K, 98% used [0x00000000eab00000,0x00000000ead760f0,0x00000000ead80000)
  from space 1024K, 53% used [0x00000000eb080000,0x00000000eb108020,0x00000000eb180000)
  to   space 512K, 0% used [0x00000000eb180000,0x00000000eb180000,0x00000000eb200000)
 ParOldGen       total 54784K, used 48856K [0x00000000c0000000, 0x00000000c3580000, 0x00000000eab00000)
  object space 54784K, 89% used [0x00000000c0000000,0x00000000c2fb6260,0x00000000c3580000)
 Metaspace       used 84699K, committed 85696K, reserved 1179648K
  class space    used 8581K, committed 8960K, reserved 1048576K
}
Event: 4034.587 GC heap after
{Heap after GC invocations=1471 (full 45):
 PSYoungGen      total 3072K, used 485K [0x00000000eab00000, 0x00000000eb480000, 0x0000000100000000)
  eden space 2560K, 0% used [0x00000000eab00000,0x00000000eab00000,0x00000000ead80000)
  from space 512K, 94% used [0x00000000eb180000,0x00000000eb1f9758,0x00000000eb200000)
  to   space 3584K, 0% used [0x00000000ead80000,0x00000000ead80000,0x00000000eb100000)
 ParOldGen       total 54784K, used 51254K [0x00000000c0000000, 0x00000000c3580000, 0x00000000eab00000)
  object space 54784K, 93% used [0x00000000c0000000,0x00000000c320da70,0x00000000c3580000)
 Metaspace       used 84699K, committed 85696K, reserved 1179648K
  class space    used 8581K, committed 8960K, reserved 1048576K
}
Event: 4035.320 GC heap before
{Heap before GC invocations=1472 (full 45):
 PSYoungGen      total 3072K, used 3045K [0x00000000eab00000, 0x00000000eb480000, 0x0000000100000000)
  eden space 2560K, 100% used [0x00000000eab00000,0x00000000ead80000,0x00000000ead80000)
  from space 512K, 94% used [0x00000000eb180000,0x00000000eb1f9758,0x00000000eb200000)
  to   space 3584K, 0% used [0x00000000ead80000,0x00000000ead80000,0x00000000eb100000)
 ParOldGen       total 54784K, used 51254K [0x00000000c0000000, 0x00000000c3580000, 0x00000000eab00000)
  object space 54784K, 93% used [0x00000000c0000000,0x00000000c320da70,0x00000000c3580000)
 Metaspace       used 84700K, committed 85696K, reserved 1179648K
  class space    used 8581K, committed 8960K, reserved 1048576K
}
Event: 4035.321 GC heap after
{Heap after GC invocations=1472 (full 45):
 PSYoungGen      total 3072K, used 416K [0x00000000eab00000, 0x00000000eb200000, 0x0000000100000000)
  eden space 2560K, 0% used [0x00000000eab00000,0x00000000eab00000,0x00000000ead80000)
  from space 512K, 81% used [0x00000000ead80000,0x00000000eade8000,0x00000000eae00000)
  to   space 1536K, 0% used [0x00000000eb080000,0x00000000eb080000,0x00000000eb200000)
 ParOldGen       total 54784K, used 51414K [0x00000000c0000000, 0x00000000c3580000, 0x00000000eab00000)
  object space 54784K, 93% used [0x00000000c0000000,0x00000000c3235a70,0x00000000c3580000)
 Metaspace       used 84700K, committed 85696K, reserved 1179648K
  class space    used 8581K, committed 8960K, reserved 1048576K
}
Event: 4035.973 GC heap before
{Heap before GC invocations=1473 (full 45):
 PSYoungGen      total 3072K, used 2976K [0x00000000eab00000, 0x00000000eb200000, 0x0000000100000000)
  eden space 2560K, 100% used [0x00000000eab00000,0x00000000ead80000,0x00000000ead80000)
  from space 512K, 81% used [0x00000000ead80000,0x00000000eade8000,0x00000000eae00000)
  to   space 1536K, 0% used [0x00000000eb080000,0x00000000eb080000,0x00000000eb200000)
 ParOldGen       total 54784K, used 51414K [0x00000000c0000000, 0x00000000c3580000, 0x00000000eab00000)
  object space 54784K, 93% used [0x00000000c0000000,0x00000000c3235a70,0x00000000c3580000)
 Metaspace       used 84700K, committed 85696K, reserved 1179648K
  class space    used 8581K, committed 8960K, reserved 1048576K
}
Event: 4035.974 GC heap after
{Heap after GC invocations=1473 (full 45):
 PSYoungGen      total 4096K, used 1317K [0x00000000eab00000, 0x00000000eb200000, 0x0000000100000000)
  eden space 2560K, 0% used [0x00000000eab00000,0x00000000eab00000,0x00000000ead80000)
  from space 1536K, 85% used [0x00000000eb080000,0x00000000eb1c96d0,0x00000000eb200000)
  to   space 1536K, 0% used [0x00000000eaf00000,0x00000000eaf00000,0x00000000eb080000)
 ParOldGen       total 54784K, used 51414K [0x00000000c0000000, 0x00000000c3580000, 0x00000000eab00000)
  object space 54784K, 93% used [0x00000000c0000000,0x00000000c3235a70,0x00000000c3580000)
 Metaspace       used 84700K, committed 85696K, reserved 1179648K
  class space    used 8581K, committed 8960K, reserved 1048576K
}
Event: 4035.976 GC heap before
{Heap before GC invocations=1474 (full 45):
 PSYoungGen      total 4096K, used 3877K [0x00000000eab00000, 0x00000000eb200000, 0x0000000100000000)
  eden space 2560K, 100% used [0x00000000eab00000,0x00000000ead80000,0x00000000ead80000)
  from space 1536K, 85% used [0x00000000eb080000,0x00000000eb1c96d0,0x00000000eb200000)
  to   space 1536K, 0% used [0x00000000eaf00000,0x00000000eaf00000,0x00000000eb080000)
 ParOldGen       total 54784K, used 51414K [0x00000000c0000000, 0x00000000c3580000, 0x00000000eab00000)
  object space 54784K, 93% used [0x00000000c0000000,0x00000000c3235a70,0x00000000c3580000)
 Metaspace       used 84700K, committed 85696K, reserved 1179648K
  class space    used 8581K, committed 8960K, reserved 1048576K
}
Event: 4035.978 GC heap after
{Heap after GC invocations=1474 (full 45):
 PSYoungGen      total 4096K, used 1509K [0x00000000eab00000, 0x00000000eb680000, 0x0000000100000000)
  eden space 2560K, 0% used [0x00000000eab00000,0x00000000eab00000,0x00000000ead80000)
  from space 1536K, 98% used [0x00000000eaf00000,0x00000000eb0796d0,0x00000000eb080000)
  to   space 4608K, 0% used [0x00000000eb200000,0x00000000eb200000,0x00000000eb680000)
 ParOldGen       total 54784K, used 53598K [0x00000000c0000000, 0x00000000c3580000, 0x00000000eab00000)
  object space 54784K, 97% used [0x00000000c0000000,0x00000000c3457a70,0x00000000c3580000)
 Metaspace       used 84700K, committed 85696K, reserved 1179648K
  class space    used 8581K, committed 8960K, reserved 1048576K
}
Event: 4035.978 GC heap before
{Heap before GC invocations=1475 (full 46):
 PSYoungGen      total 4096K, used 1509K [0x00000000eab00000, 0x00000000eb680000, 0x0000000100000000)
  eden space 2560K, 0% used [0x00000000eab00000,0x00000000eab00000,0x00000000ead80000)
  from space 1536K, 98% used [0x00000000eaf00000,0x00000000eb0796d0,0x00000000eb080000)
  to   space 4608K, 0% used [0x00000000eb200000,0x00000000eb200000,0x00000000eb680000)
 ParOldGen       total 54784K, used 53598K [0x00000000c0000000, 0x00000000c3580000, 0x00000000eab00000)
  object space 54784K, 97% used [0x00000000c0000000,0x00000000c3457a70,0x00000000c3580000)
 Metaspace       used 84700K, committed 85696K, reserved 1179648K
  class space    used 8581K, committed 8960K, reserved 1048576K
}

